  5.cpp
C:\Users\choi\Desktop\ROOT\5주차 과제\5주차 과제\5.cpp(12,18): error C2146: 구문 오류: ')'이(가) 'll' 식별자 앞에 없습니다.
C:\Users\choi\Desktop\ROOT\5주차 과제\5주차 과제\5.cpp(12,18): error C2065: 'll': 선언되지 않은 식별자입니다.
C:\Users\choi\Desktop\ROOT\5주차 과제\5주차 과제\5.cpp(12,21): error C2146: 구문 오류: ';'이(가) 'copy' 식별자 앞에 없습니다.
C:\Users\choi\Desktop\ROOT\5주차 과제\5주차 과제\5.cpp(12,33): error C2059: 구문 오류: ')'
C:\Users\choi\Desktop\ROOT\5주차 과제\5주차 과제\5.cpp(14,36): error C2059: 구문 오류: ';'
C:\Users\choi\Desktop\ROOT\5주차 과제\5주차 과제\5.cpp(17,2): error C4430: 형식 지정자가 없습니다. int로 가정합니다. 참고: C++에서는 기본 int를 지원하지 않습니다.
C:\Users\choi\Desktop\ROOT\5주차 과제\5주차 과제\5.cpp(17,2): error C2365: 'printf': 재정의: 이전 정의는 '함수'입니다.
      C:\Program Files (x86)\Windows Kits\10\Include\10.0.26100.0\ucrt\stdio.h(950,37):
      'printf' 선언을 참조하십시오.
  
C:\Users\choi\Desktop\ROOT\5주차 과제\5주차 과제\5.cpp(18,2): error C2059: 구문 오류: 'while'
C:\Users\choi\Desktop\ROOT\5주차 과제\5주차 과제\5.cpp(18,47): error C2143: 구문 오류: ';'이(가) '{' 앞에 없습니다.
C:\Users\choi\Desktop\ROOT\5주차 과제\5주차 과제\5.cpp(18,47): error C2447: '{': 함수 헤더가 없습니다. 이전 스타일의 형식 목록입니까?
C:\Users\choi\Desktop\ROOT\5주차 과제\5주차 과제\5.cpp(23,2): error C4430: 형식 지정자가 없습니다. int로 가정합니다. 참고: C++에서는 기본 int를 지원하지 않습니다.
C:\Users\choi\Desktop\ROOT\5주차 과제\5주차 과제\5.cpp(23,2): error C2365: 'printf': 재정의: 이전 정의는 '함수'입니다.
      C:\Program Files (x86)\Windows Kits\10\Include\10.0.26100.0\ucrt\stdio.h(950,37):
      'printf' 선언을 참조하십시오.
  
C:\Users\choi\Desktop\ROOT\5주차 과제\5주차 과제\5.cpp(24,2): error C4430: 형식 지정자가 없습니다. int로 가정합니다. 참고: C++에서는 기본 int를 지원하지 않습니다.
C:\Users\choi\Desktop\ROOT\5주차 과제\5주차 과제\5.cpp(24,2): error C2365: 'printf': 재정의: 이전 정의는 '함수'입니다.
      C:\Program Files (x86)\Windows Kits\10\Include\10.0.26100.0\ucrt\stdio.h(950,37):
      'printf' 선언을 참조하십시오.
  
C:\Users\choi\Desktop\ROOT\5주차 과제\5주차 과제\5.cpp(25,2): error C2059: 구문 오류: 'if'
C:\Users\choi\Desktop\ROOT\5주차 과제\5주차 과제\5.cpp(27,2): error C2059: 구문 오류: 'else'
C:\Users\choi\Desktop\ROOT\5주차 과제\5주차 과제\5.cpp(30,2): error C4430: 형식 지정자가 없습니다. int로 가정합니다. 참고: C++에서는 기본 int를 지원하지 않습니다.
C:\Users\choi\Desktop\ROOT\5주차 과제\5주차 과제\5.cpp(30,2): error C2365: 'fclose': 재정의: 이전 정의는 '함수'입니다.
      C:\Program Files (x86)\Windows Kits\10\Include\10.0.26100.0\ucrt\stdio.h(152,26):
      'fclose' 선언을 참조하십시오.
  
C:\Users\choi\Desktop\ROOT\5주차 과제\5주차 과제\5.cpp(30,9): error C2065: 'org': 선언되지 않은 식별자입니다.
C:\Users\choi\Desktop\ROOT\5주차 과제\5주차 과제\5.cpp(31,2): error C4430: 형식 지정자가 없습니다. int로 가정합니다. 참고: C++에서는 기본 int를 지원하지 않습니다.
C:\Users\choi\Desktop\ROOT\5주차 과제\5주차 과제\5.cpp(31,2): error C2365: 'fclose': 재정의: 이전 정의는 '함수'입니다.
      C:\Program Files (x86)\Windows Kits\10\Include\10.0.26100.0\ucrt\stdio.h(152,26):
      'fclose' 선언을 참조하십시오.
  
C:\Users\choi\Desktop\ROOT\5주차 과제\5주차 과제\5.cpp(31,9): error C2065: 'copy': 선언되지 않은 식별자입니다.
C:\Users\choi\Desktop\ROOT\5주차 과제\5주차 과제\5.cpp(33,2): error C2059: 구문 오류: 'return'
C:\Users\choi\Desktop\ROOT\5주차 과제\5주차 과제\5.cpp(34,1): error C2059: 구문 오류: '}'
C:\Users\choi\Desktop\ROOT\5주차 과제\5주차 과제\5.cpp(34,1): error C2143: 구문 오류: ';'이(가) '}' 앞에 없습니다.
